<?xml version="1.0" encoding="UTF-8"?>
<!-- Generated by org.testng.reporters.JUnitXMLReporter -->
<testsuite ignored="0" hostname="lin80026192" failures="0" tests="4" name="Default test" time="7.553" errors="0" timestamp="2022-09-27T13:20:58 IST">
  <testcase classname="allianz.example_3_Post" name="post" time="3.292"/>
  <testcase classname="allianz.example_3_Post" name="post" time="1.05"/>
  <testcase classname="allianz.example_3_Post" name="post" time="0.632"/>
  <testcase classname="allianz.example_3_Post" name="post" time="0.769"/>
</testsuite> <!-- Default test -->
